
=== Sun Sep 18 12:07:08 2022

Packages were changed.
Update Mode: updateDependencies

The following packages were added:
  com.unity.ide.visualstudio@2.0.15
The following packages were updated:
  com.unity.2d.animation from version 3.2.6 to 3.2.17
  com.unity.2d.psdimporter from version 2.1.6 to 2.1.11
  com.unity.2d.spriteshape from version 3.0.14 to 3.0.18
  com.unity.collab-proxy from version 1.2.16 to 1.14.18
  com.unity.ide.rider from version 1.1.4 to 1.2.1
  com.unity.ide.vscode from version 1.2.3 to 1.2.5
  com.unity.test-framework from version 1.1.19 to 1.1.31
  com.unity.textmeshpro from version 2.1.1 to 2.1.4
  com.unity.timeline from version 1.2.17 to 1.2.18

=== Thu Sep 28 19:08:28 2023

Packages were changed.
Update Mode: updateDependencies

The following packages were updated:
  com.unity.2d.animation from version 3.2.17 to 7.0.9
  com.unity.2d.pixel-perfect from version 2.1.0 to 5.0.3
  com.unity.2d.psdimporter from version 2.1.11 to 6.0.7
  com.unity.2d.spriteshape from version 3.0.18 to 7.0.6
  com.unity.collab-proxy from version 1.14.18 to 2.0.0
  com.unity.ide.rider from version 1.2.1 to 3.0.18
  com.unity.ide.visualstudio from version 2.0.15 to 2.0.17
  com.unity.textmeshpro from version 2.1.4 to 3.0.6
  com.unity.timeline from version 1.2.18 to 1.6.4
